Starting processing of C:/Users/jakal/Documents/GitHub/JournalMap/Placenames/XML/PLOSOne on 2021-08-13 21:31:57

Processing C:/Users/jakal/Documents/GitHub/JournalMap/Placenames/XML/PLOSOne\journal.pone.0000295.xml
Processing C:/Users/jakal/Documents/GitHub/JournalMap/Placenames/XML/PLOSOne\journal.pone.0000908.xml
Processing C:/Users/jakal/Documents/GitHub/JournalMap/Placenames/XML/PLOSOne\journal.pone.0009677.xml
Processing C:/Users/jakal/Documents/GitHub/JournalMap/Placenames/XML/PLOSOne\journal.pone.0013382.xml
Processing C:/Users/jakal/Documents/GitHub/JournalMap/Placenames/XML/PLOSOne\journal.pone.0013666.xml
Processing C:/Users/jakal/Documents/GitHub/JournalMap/Placenames/XML/PLOSOne\journal.pone.0016584.xml
Processing C:/Users/jakal/Documents/GitHub/JournalMap/Placenames/XML/PLOSOne\journal.pone.0017476.xml
Processing C:/Users/jakal/Documents/GitHub/JournalMap/Placenames/XML/PLOSOne\journal.pone.0018982.xml
Processing C:/Users/jakal/Documents/GitHub/JournalMap/Placenames/XML/PLOSOne\journal.pone.0020078.xml
Processing C:/Users/jakal/Documents/GitHub/JournalMap/Placenames/XML/PLOSOne\journal.pone.0021265.xml
Processing C:/Users/jakal/Documents/GitHub/JournalMap/Placenames/XML/PLOSOne\journal.pone.0021972.xml
Processing C:/Users/jakal/Documents/GitHub/JournalMap/Placenames/XML/PLOSOne\journal.pone.0022905.xml
Processing C:/Users/jakal/Documents/GitHub/JournalMap/Placenames/XML/PLOSOne\journal.pone.0023312.xml
Processing C:/Users/jakal/Documents/GitHub/JournalMap/Placenames/XML/PLOSOne\journal.pone.0024107.xml
Processing C:/Users/jakal/Documents/GitHub/JournalMap/Placenames/XML/PLOSOne\journal.pone.0026986.xml
Processing C:/Users/jakal/Documents/GitHub/JournalMap/Placenames/XML/PLOSOne\journal.pone.0027785.xml
Processing C:/Users/jakal/Documents/GitHub/JournalMap/Placenames/XML/PLOSOne\journal.pone.0029152.xml
Processing C:/Users/jakal/Documents/GitHub/JournalMap/Placenames/XML/PLOSOne\journal.pone.0029469.xml
Processing C:/Users/jakal/Documents/GitHub/JournalMap/Placenames/XML/PLOSOne\journal.pone.0030463.xml
Processing C:/Users/jakal/Documents/GitHub/JournalMap/Placenames/XML/PLOSOne\journal.pone.0030506.xml
Processing C:/Users/jakal/Documents/GitHub/JournalMap/Placenames/XML/PLOSOne\journal.pone.0036196.xml
Processing C:/Users/jakal/Documents/GitHub/JournalMap/Placenames/XML/PLOSOne\journal.pone.0037856.xml
Processing C:/Users/jakal/Documents/GitHub/JournalMap/Placenames/XML/PLOSOne\journal.pone.0038970.xml
Processing C:/Users/jakal/Documents/GitHub/JournalMap/Placenames/XML/PLOSOne\journal.pone.0040679.xml
Processing C:/Users/jakal/Documents/GitHub/JournalMap/Placenames/XML/PLOSOne\journal.pone.0041270.xml
Processing C:/Users/jakal/Documents/GitHub/JournalMap/Placenames/XML/PLOSOne\journal.pone.0042354.xml
Processing C:/Users/jakal/Documents/GitHub/JournalMap/Placenames/XML/PLOSOne\journal.pone.0042524.xml
Processing C:/Users/jakal/Documents/GitHub/JournalMap/Placenames/XML/PLOSOne\journal.pone.0042833.xml
Processing C:/Users/jakal/Documents/GitHub/JournalMap/Placenames/XML/PLOSOne\journal.pone.0043626.xml
Processing C:/Users/jakal/Documents/GitHub/JournalMap/Placenames/XML/PLOSOne\journal.pone.0043943.xml
Processing C:/Users/jakal/Documents/GitHub/JournalMap/Placenames/XML/PLOSOne\journal.pone.0044925.xml
Processing C:/Users/jakal/Documents/GitHub/JournalMap/Placenames/XML/PLOSOne\journal.pone.0045334.xml
Processing C:/Users/jakal/Documents/GitHub/JournalMap/Placenames/XML/PLOSOne\journal.pone.0047192.xml
Processing C:/Users/jakal/Documents/GitHub/JournalMap/Placenames/XML/PLOSOne\journal.pone.0049024.xml
Processing C:/Users/jakal/Documents/GitHub/JournalMap/Placenames/XML/PLOSOne\journal.pone.0049618.xml
Processing C:/Users/jakal/Documents/GitHub/JournalMap/Placenames/XML/PLOSOne\journal.pone.0049795.xml
Processing C:/Users/jakal/Documents/GitHub/JournalMap/Placenames/XML/PLOSOne\journal.pone.0052071.xml
Processing C:/Users/jakal/Documents/GitHub/JournalMap/Placenames/XML/PLOSOne\journal.pone.0052821.xml
Processing C:/Users/jakal/Documents/GitHub/JournalMap/Placenames/XML/PLOSOne\journal.pone.0053009.xml
Processing C:/Users/jakal/Documents/GitHub/JournalMap/Placenames/XML/PLOSOne\journal.pone.0053139.xml
Processing C:/Users/jakal/Documents/GitHub/JournalMap/Placenames/XML/PLOSOne\journal.pone.0058432.xml
Processing C:/Users/jakal/Documents/GitHub/JournalMap/Placenames/XML/PLOSOne\journal.pone.0059356.xml
Processing C:/Users/jakal/Documents/GitHub/JournalMap/Placenames/XML/PLOSOne\journal.pone.0060756.xml
Processing C:/Users/jakal/Documents/GitHub/JournalMap/Placenames/XML/PLOSOne\journal.pone.0066238.xml
Processing C:/Users/jakal/Documents/GitHub/JournalMap/Placenames/XML/PLOSOne\journal.pone.0066650.xml
Processing C:/Users/jakal/Documents/GitHub/JournalMap/Placenames/XML/PLOSOne\journal.pone.0066653.xml
Processing C:/Users/jakal/Documents/GitHub/JournalMap/Placenames/XML/PLOSOne\journal.pone.0070547.xml
Processing C:/Users/jakal/Documents/GitHub/JournalMap/Placenames/XML/PLOSOne\journal.pone.0071735.xml
Processing C:/Users/jakal/Documents/GitHub/JournalMap/Placenames/XML/PLOSOne\journal.pone.0072201.xml
Processing C:/Users/jakal/Documents/GitHub/JournalMap/Placenames/XML/PLOSOne\journal.pone.0074852.xml
Processing C:/Users/jakal/Documents/GitHub/JournalMap/Placenames/XML/PLOSOne\journal.pone.0075396.xml
Processing C:/Users/jakal/Documents/GitHub/JournalMap/Placenames/XML/PLOSOne\journal.pone.0075439.xml
Processing C:/Users/jakal/Documents/GitHub/JournalMap/Placenames/XML/PLOSOne\journal.pone.0079799.xml
Processing C:/Users/jakal/Documents/GitHub/JournalMap/Placenames/XML/PLOSOne\journal.pone.0081226.xml
Processing C:/Users/jakal/Documents/GitHub/JournalMap/Placenames/XML/PLOSOne\journal.pone.0082369.xml
Processing C:/Users/jakal/Documents/GitHub/JournalMap/Placenames/XML/PLOSOne\journal.pone.0082468.xml
Processing C:/Users/jakal/Documents/GitHub/JournalMap/Placenames/XML/PLOSOne\journal.pone.0082792.xml
Processing C:/Users/jakal/Documents/GitHub/JournalMap/Placenames/XML/PLOSOne\journal.pone.0083407.xml
Processing C:/Users/jakal/Documents/GitHub/JournalMap/Placenames/XML/PLOSOne\journal.pone.0084568.xml
Processing C:/Users/jakal/Documents/GitHub/JournalMap/Placenames/XML/PLOSOne\journal.pone.0085513.xml
Processing C:/Users/jakal/Documents/GitHub/JournalMap/Placenames/XML/PLOSOne\journal.pone.0089084.xml
Processing C:/Users/jakal/Documents/GitHub/JournalMap/Placenames/XML/PLOSOne\journal.pone.0090513.xml
Processing C:/Users/jakal/Documents/GitHub/JournalMap/Placenames/XML/PLOSOne\journal.pone.0092517.xml
Processing C:/Users/jakal/Documents/GitHub/JournalMap/Placenames/XML/PLOSOne\journal.pone.0093733.xml
Processing C:/Users/jakal/Documents/GitHub/JournalMap/Placenames/XML/PLOSOne\journal.pone.0095081.xml
Processing C:/Users/jakal/Documents/GitHub/JournalMap/Placenames/XML/PLOSOne\journal.pone.0095890.xml
Processing C:/Users/jakal/Documents/GitHub/JournalMap/Placenames/XML/PLOSOne\journal.pone.0095938.xml
Processing C:/Users/jakal/Documents/GitHub/JournalMap/Placenames/XML/PLOSOne\journal.pone.0097910.xml
Processing C:/Users/jakal/Documents/GitHub/JournalMap/Placenames/XML/PLOSOne\journal.pone.0098454.xml
Processing C:/Users/jakal/Documents/GitHub/JournalMap/Placenames/XML/PLOSOne\journal.pone.0098931.xml
Processing C:/Users/jakal/Documents/GitHub/JournalMap/Placenames/XML/PLOSOne\journal.pone.0099385.xml
Processing C:/Users/jakal/Documents/GitHub/JournalMap/Placenames/XML/PLOSOne\journal.pone.0100646.xml
Processing C:/Users/jakal/Documents/GitHub/JournalMap/Placenames/XML/PLOSOne\journal.pone.0101928.xml
Processing C:/Users/jakal/Documents/GitHub/JournalMap/Placenames/XML/PLOSOne\journal.pone.0102090.xml
Processing C:/Users/jakal/Documents/GitHub/JournalMap/Placenames/XML/PLOSOne\journal.pone.0102437.xml
Processing C:/Users/jakal/Documents/GitHub/JournalMap/Placenames/XML/PLOSOne\journal.pone.0104060.xml
Processing C:/Users/jakal/Documents/GitHub/JournalMap/Placenames/XML/PLOSOne\journal.pone.0105869.xml
Processing C:/Users/jakal/Documents/GitHub/JournalMap/Placenames/XML/PLOSOne\journal.pone.0106529.xml
Processing C:/Users/jakal/Documents/GitHub/JournalMap/Placenames/XML/PLOSOne\journal.pone.0107126.xml
Processing C:/Users/jakal/Documents/GitHub/JournalMap/Placenames/XML/PLOSOne\journal.pone.0107775.xml
Processing C:/Users/jakal/Documents/GitHub/JournalMap/Placenames/XML/PLOSOne\journal.pone.0107792.xml
Processing C:/Users/jakal/Documents/GitHub/JournalMap/Placenames/XML/PLOSOne\journal.pone.0111434.xml
Processing C:/Users/jakal/Documents/GitHub/JournalMap/Placenames/XML/PLOSOne\journal.pone.0111742.xml
Processing C:/Users/jakal/Documents/GitHub/JournalMap/Placenames/XML/PLOSOne\journal.pone.0111883.xml
Processing C:/Users/jakal/Documents/GitHub/JournalMap/Placenames/XML/PLOSOne\journal.pone.0112436.xml
Processing C:/Users/jakal/Documents/GitHub/JournalMap/Placenames/XML/PLOSOne\journal.pone.0113964.xml
Processing C:/Users/jakal/Documents/GitHub/JournalMap/Placenames/XML/PLOSOne\journal.pone.0114015.xml
Processing C:/Users/jakal/Documents/GitHub/JournalMap/Placenames/XML/PLOSOne\journal.pone.0115038.xml
Processing C:/Users/jakal/Documents/GitHub/JournalMap/Placenames/XML/PLOSOne\journal.pone.0118403.xml
Processing C:/Users/jakal/Documents/GitHub/JournalMap/Placenames/XML/PLOSOne\journal.pone.0118580.xml
Processing C:/Users/jakal/Documents/GitHub/JournalMap/Placenames/XML/PLOSOne\journal.pone.0118837.xml
Processing C:/Users/jakal/Documents/GitHub/JournalMap/Placenames/XML/PLOSOne\journal.pone.0119922.xml
Processing C:/Users/jakal/Documents/GitHub/JournalMap/Placenames/XML/PLOSOne\journal.pone.0121444.xml
Processing C:/Users/jakal/Documents/GitHub/JournalMap/Placenames/XML/PLOSOne\journal.pone.0123030.xml
Processing C:/Users/jakal/Documents/GitHub/JournalMap/Placenames/XML/PLOSOne\journal.pone.0123160.xml
Processing C:/Users/jakal/Documents/GitHub/JournalMap/Placenames/XML/PLOSOne\journal.pone.0125300.xml
Processing C:/Users/jakal/Documents/GitHub/JournalMap/Placenames/XML/PLOSOne\journal.pone.0127093.xml
Processing C:/Users/jakal/Documents/GitHub/JournalMap/Placenames/XML/PLOSOne\journal.pone.0128923.xml
Processing C:/Users/jakal/Documents/GitHub/JournalMap/Placenames/XML/PLOSOne\journal.pone.0133276.xml
Processing C:/Users/jakal/Documents/GitHub/JournalMap/Placenames/XML/PLOSOne\journal.pone.0134560.xml
Processing C:/Users/jakal/Documents/GitHub/JournalMap/Placenames/XML/PLOSOne\journal.pone.0134665.xml
Processing C:/Users/jakal/Documents/GitHub/JournalMap/Placenames/XML/PLOSOne\journal.pone.0135917.xml
Processing C:/Users/jakal/Documents/GitHub/JournalMap/Placenames/XML/PLOSOne\journal.pone.0136040.xml
Processing C:/Users/jakal/Documents/GitHub/JournalMap/Placenames/XML/PLOSOne\journal.pone.0137569.xml
Processing C:/Users/jakal/Documents/GitHub/JournalMap/Placenames/XML/PLOSOne\journal.pone.0138696.xml
Processing C:/Users/jakal/Documents/GitHub/JournalMap/Placenames/XML/PLOSOne\journal.pone.0139031.xml
Processing C:/Users/jakal/Documents/GitHub/JournalMap/Placenames/XML/PLOSOne\journal.pone.0140423.xml
Processing C:/Users/jakal/Documents/GitHub/JournalMap/Placenames/XML/PLOSOne\journal.pone.0141387.xml
Processing C:/Users/jakal/Documents/GitHub/JournalMap/Placenames/XML/PLOSOne\journal.pone.0141559.xml
Processing C:/Users/jakal/Documents/GitHub/JournalMap/Placenames/XML/PLOSOne\journal.pone.0141899.xml
Processing C:/Users/jakal/Documents/GitHub/JournalMap/Placenames/XML/PLOSOne\journal.pone.0142784.xml
Processing C:/Users/jakal/Documents/GitHub/JournalMap/Placenames/XML/PLOSOne\journal.pone.0145598.xml
Processing C:/Users/jakal/Documents/GitHub/JournalMap/Placenames/XML/PLOSOne\journal.pone.0146228.xml
Processing C:/Users/jakal/Documents/GitHub/JournalMap/Placenames/XML/PLOSOne\journal.pone.0147058.xml
Processing C:/Users/jakal/Documents/GitHub/JournalMap/Placenames/XML/PLOSOne\journal.pone.0147909.xml
Processing C:/Users/jakal/Documents/GitHub/JournalMap/Placenames/XML/PLOSOne\journal.pone.0150111.xml
Processing C:/Users/jakal/Documents/GitHub/JournalMap/Placenames/XML/PLOSOne\journal.pone.0150520.xml
Processing C:/Users/jakal/Documents/GitHub/JournalMap/Placenames/XML/PLOSOne\journal.pone.0152335.xml
Processing C:/Users/jakal/Documents/GitHub/JournalMap/Placenames/XML/PLOSOne\journal.pone.0152883.xml
Processing C:/Users/jakal/Documents/GitHub/JournalMap/Placenames/XML/PLOSOne\journal.pone.0154026.xml
Processing C:/Users/jakal/Documents/GitHub/JournalMap/Placenames/XML/PLOSOne\journal.pone.0154613.xml
Processing C:/Users/jakal/Documents/GitHub/JournalMap/Placenames/XML/PLOSOne\test\journal.pone.0000295.xml
Processing C:/Users/jakal/Documents/GitHub/JournalMap/Placenames/XML/PLOSOne\test\journal.pone.0000908.xml
Processing C:/Users/jakal/Documents/GitHub/JournalMap/Placenames/XML/PLOSOne\test\journal.pone.0009677.xml
Processing C:/Users/jakal/Documents/GitHub/JournalMap/Placenames/XML/PLOSOne\test\journal.pone.0013382.xml
Processing C:/Users/jakal/Documents/GitHub/JournalMap/Placenames/XML/PLOSOne\test\journal.pone.0013666.xml
Processing C:/Users/jakal/Documents/GitHub/JournalMap/Placenames/XML/PLOSOne\test\journal.pone.0016584.xml

Finished processing directory C:/Users/jakal/Documents/GitHub/JournalMap/Placenames/XML/PLOSOne at 2021-08-13 22:32:54
Processed 127 articles.
Errors encountered in 00 articles had no authors and were skipped.127 articles written to the CSV file articles.
0 articles had parsed coordinates.
0 total locations found.
Created output files:
C:/Users/jakal/Documents/GitHub/JournalMap/Placenames/XML/PLOSOne/articles.csv
C:/Users/jakal/Documents/GitHub/JournalMap/Placenames/XML/PLOSOne/mordecai_test_locations.csv
C:/Users/jakal/Documents/GitHub/JournalMap/Placenames/XML/PLOSOne/jmap_parse.log