Starting processing of /Users/jason/Google Drive/JournalMap/PLOSxml on 2016-05-26 15:35:11
Parsing geolocations using PyParsing GeoParser 2.0 beta, 05/25/2016


Processing /Users/jason/Google Drive/JournalMap/PLOSxml/journal.pone.0000295.xml
Processing /Users/jason/Google Drive/JournalMap/PLOSxml/journal.pone.0000908.xml
Found coordinate in 
      10.1371/journal.pone.0000908
     : {'latitude': -8.98056, 'longitude': -36.075}, -8.98056, -36.075
Processing /Users/jason/Google Drive/JournalMap/PLOSxml/journal.pone.0009677.xml
Found coordinate in 
      10.1371/journal.pone.0009677
     : {'latitude': 44.65, 'longitude': -63.58333}, 44.65, -63.58333
Processing /Users/jason/Google Drive/JournalMap/PLOSxml/journal.pone.0013382.xml
Found coordinate in 
      10.1371/journal.pone.0013382
     : {'latitude': 50.95086, 'longitude': 11.62319}, 50.95086, 11.62319
Processing /Users/jason/Google Drive/JournalMap/PLOSxml/journal.pone.0013666.xml
Processing /Users/jason/Google Drive/JournalMap/PLOSxml/journal.pone.0016584.xml
Processing /Users/jason/Google Drive/JournalMap/PLOSxml/journal.pone.0017476.xml
Processing /Users/jason/Google Drive/JournalMap/PLOSxml/journal.pone.0018982.xml
Found coordinate in 
      10.1371/journal.pone.0018982
     : {'latitude': 45.66667, 'longitude': -61.88333}, 45.66667, -61.88333
Processing /Users/jason/Google Drive/JournalMap/PLOSxml/journal.pone.0020078.xml
Found coordinate in 
      10.1371/journal.pone.0020078
     : {'latitude': 43.63333, 'longitude': 116.7}, 43.63333, 116.7
Processing /Users/jason/Google Drive/JournalMap/PLOSxml/journal.pone.0021265.xml
Found coordinate in 
      10.1371/journal.pone.0021265
     : {'latitude': 48.0, 'longitude': -65.0}, 48.0, -65.0
Processing /Users/jason/Google Drive/JournalMap/PLOSxml/journal.pone.0021972.xml
Found coordinate in 
      10.1371/journal.pone.0021972
     : {'latitude': 50.93, 'longitude': 6.92}, 50.93, 6.92
Processing /Users/jason/Google Drive/JournalMap/PLOSxml/journal.pone.0022905.xml
Found coordinate in 
      10.1371/journal.pone.0022905
     : {'latitude': 29.23333, 'longitude': 118.11667}, 29.23333, 118.11667
Processing /Users/jason/Google Drive/JournalMap/PLOSxml/journal.pone.0023312.xml
Found coordinate in 
      10.1371/journal.pone.0023312
     : {'latitude': -20.89919, 'longitude': -44.83653}, -20.89919, -44.83653
Processing /Users/jason/Google Drive/JournalMap/PLOSxml/journal.pone.0024107.xml
Found coordinate in 
      10.1371/journal.pone.0024107
     : {'latitude': 47.3, 'longitude': -47.61667}, 47.3, -47.61667
Found coordinate in 
      10.1371/journal.pone.0024107
     : {'latitude': 21.03333, 'longitude': -21.41667}, 21.03333, -21.41667
Processing /Users/jason/Google Drive/JournalMap/PLOSxml/journal.pone.0026986.xml
Found coordinate in 
      10.1371/journal.pone.0026986
     : {'latitude': -45.18333, 'longitude': 170.0}, -45.18333, 170.0
Found coordinate in 
      10.1371/journal.pone.0026986
     : {'latitude': -42.41667, 'longitude': 173.7}, -42.41667, 173.7
Found coordinate in 
      10.1371/journal.pone.0026986
     : {'latitude': -42.5, 'longitude': 173.5}, -42.5, 173.5
Processing /Users/jason/Google Drive/JournalMap/PLOSxml/journal.pone.0027785.xml
Found coordinate in 
      10.1371/journal.pone.0027785
     : {'latitude': 0.11667, 'longitude': -0.45}, 0.11667, -0.45
Found coordinate in 
      10.1371/journal.pone.0027785
     : {'latitude': 34.76667, 'longitude': -34.95}, 34.76667, -34.95
Processing /Users/jason/Google Drive/JournalMap/PLOSxml/journal.pone.0029152.xml
Found coordinate in 
      10.1371/journal.pone.0029152
     : {'latitude': 79.0, 'longitude': 4.0}, 79.0, 4.0
Found coordinate in 
      10.1371/journal.pone.0029152
     : {'latitude': 78.75, 'longitude': 4.86667}, 78.75, 4.86667
Processing /Users/jason/Google Drive/JournalMap/PLOSxml/journal.pone.0029469.xml
Found coordinate in 
      10.1371/journal.pone.0029469
     : {'latitude': -999, 'longitude': -999}, 41.71667, -999
Processing /Users/jason/Google Drive/JournalMap/PLOSxml/journal.pone.0030463.xml
Processing /Users/jason/Google Drive/JournalMap/PLOSxml/journal.pone.0030506.xml
Found coordinate in 
      10.1371/journal.pone.0030506
     : {'latitude': 16.65817, 'longitude': -95.011}, 16.65817, -95.011
Found coordinate in 
      10.1371/journal.pone.0030506
     : {'latitude': 0.0, 'longitude': 45.0}, 0.0, 45.0
Found coordinate in 
      10.1371/journal.pone.0030506
     : {'latitude': 90.0, 'longitude': 135.0}, 90.0, 135.0
Processing /Users/jason/Google Drive/JournalMap/PLOSxml/journal.pone.0036196.xml
Processing /Users/jason/Google Drive/JournalMap/PLOSxml/journal.pone.0037856.xml
Processing /Users/jason/Google Drive/JournalMap/PLOSxml/journal.pone.0038970.xml
Processing /Users/jason/Google Drive/JournalMap/PLOSxml/journal.pone.0040679.xml
Found coordinate in 
      10.1371/journal.pone.0040679
     : {'latitude': 18.62111, 'longitude': -92.70778}, 18.62111, -92.70778
Found coordinate in 
      10.1371/journal.pone.0040679
     : {'latitude': 18.50556, 'longitude': -91.4675}, 18.50556, -91.4675
Processing /Users/jason/Google Drive/JournalMap/PLOSxml/journal.pone.0041270.xml
Found coordinate in 
      10.1371/journal.pone.0041270
     : {'latitude': 40.03333, 'longitude': -3.61667}, 40.03333, -3.61667
Processing /Users/jason/Google Drive/JournalMap/PLOSxml/journal.pone.0042354.xml
Found coordinate in 
      10.1371/journal.pone.0042354
     : {'latitude': 29.33333, 'longitude': -30.33333}, 29.33333, -30.33333
Found coordinate in 
      10.1371/journal.pone.0042354
     : {'latitude': -999, 'longitude': -999}, -999, -999
Processing /Users/jason/Google Drive/JournalMap/PLOSxml/journal.pone.0042524.xml
Found coordinate in 
      10.1371/journal.pone.0042524
     : {'latitude': 18.24806, 'longitude': -67.15583}, 18.24806, -67.15583
Found coordinate in 
      10.1371/journal.pone.0042524
     : {'latitude': 18.16639, 'longitude': -66.72778}, 18.16639, -66.72778
Processing /Users/jason/Google Drive/JournalMap/PLOSxml/journal.pone.0042833.xml
Found coordinate in 
      10.1371/journal.pone.0042833
     : {'latitude': 43.63333, 'longitude': 116.7}, 43.63333, 116.7
Processing /Users/jason/Google Drive/JournalMap/PLOSxml/journal.pone.0043626.xml
Processing /Users/jason/Google Drive/JournalMap/PLOSxml/journal.pone.0043943.xml
Processing /Users/jason/Google Drive/JournalMap/PLOSxml/journal.pone.0044925.xml
Found coordinate in 
      10.1371/journal.pone.0044925
     : {'latitude': -22.83333, 'longitude': -44.7}, -22.83333, -44.7
Processing /Users/jason/Google Drive/JournalMap/PLOSxml/journal.pone.0045334.xml
Found coordinate in 
      10.1371/journal.pone.0045334
     : {'latitude': -33.51667, 'longitude': 25.75}, -33.51667, 25.75
Processing /Users/jason/Google Drive/JournalMap/PLOSxml/journal.pone.0047192.xml
Found coordinate in 
      10.1371/journal.pone.0047192
     : {'latitude': -1.50667, 'longitude': 120.03639}, -1.50667, 120.03639
Processing /Users/jason/Google Drive/JournalMap/PLOSxml/journal.pone.0049024.xml
Found coordinate in 
      10.1371/journal.pone.0049024
     : {'latitude': 34.91667, 'longitude': 102.88333}, 34.91667, 102.88333
Processing /Users/jason/Google Drive/JournalMap/PLOSxml/journal.pone.0049618.xml
Found coordinate in 
      10.1371/journal.pone.0049618
     : {'latitude': 29.24428, 'longitude': 118.11342}, 29.24428, 118.11342
Processing /Users/jason/Google Drive/JournalMap/PLOSxml/journal.pone.0049795.xml
Found coordinate in 
      10.1371/journal.pone.0049795
     : {'latitude': 51.35667, 'longitude': 3.71417}, 51.35667, 3.71417
Found coordinate in 
      10.1371/journal.pone.0049795
     : {'latitude': 51.35667, 'longitude': 3.71417}, 51.35667, 3.71417
Processing /Users/jason/Google Drive/JournalMap/PLOSxml/journal.pone.0052071.xml
Found coordinate in 
      10.1371/journal.pone.0052071
     : {'latitude': 23.15, 'longitude': 112.56667}, 23.15, 112.56667
Processing /Users/jason/Google Drive/JournalMap/PLOSxml/journal.pone.0052821.xml
Processing /Users/jason/Google Drive/JournalMap/PLOSxml/journal.pone.0053009.xml
Found coordinate in 
      10.1371/journal.pone.0053009
     : {'latitude': 19.36667, 'longitude': -19.65}, 19.36667, -19.65
Found coordinate in 
      10.1371/journal.pone.0053009
     : {'latitude': -999, 'longitude': -999}, -999, -999
Processing /Users/jason/Google Drive/JournalMap/PLOSxml/journal.pone.0053139.xml
Processing /Users/jason/Google Drive/JournalMap/PLOSxml/journal.pone.0058432.xml
Processing /Users/jason/Google Drive/JournalMap/PLOSxml/journal.pone.0059356.xml
Found coordinate in 
      10.1371/journal.pone.0059356
     : {'latitude': 0.0, 'longitude': 120.0}, 0.0, 120.0
Processing /Users/jason/Google Drive/JournalMap/PLOSxml/journal.pone.0060756.xml
Found coordinate in 
      10.1371/journal.pone.0060756
     : {'latitude': 4.96667, 'longitude': 117.8}, 4.96667, 117.8
Processing /Users/jason/Google Drive/JournalMap/PLOSxml/journal.pone.0066238.xml
Found coordinate in 
      10.1371/journal.pone.0066238
     : {'latitude': 56.33306, 'longitude': -2.77194}, 56.33306, -2.77194
Found coordinate in 
      10.1371/journal.pone.0066238
     : {'latitude': 53.52417, 'longitude': -6.08028}, 53.52417, -6.08028
Found coordinate in 
      10.1371/journal.pone.0066238
     : {'latitude': 54.18333, 'longitude': 7.88333}, 54.18333, 7.88333
Found coordinate in 
      10.1371/journal.pone.0066238
     : {'latitude': 54.18333, 'longitude': 7.88333}, 54.18333, 7.88333
Found coordinate in 
      10.1371/journal.pone.0066238
     : {'latitude': 41.68333, 'longitude': -8.85}, 41.68333, -8.85
Found coordinate in 
      10.1371/journal.pone.0066238
     : {'latitude': 50.338, 'longitude': -4.45717}, 50.338, -4.45717
Found coordinate in 
      10.1371/journal.pone.0066238
     : {'latitude': 48.73067, 'longitude': -3.98783}, 3.98783, -3.98783
Found coordinate in 
      10.1371/journal.pone.0066238
     : {'latitude': 43.5, 'longitude': 10.33333}, 43.5, 10.33333
Found coordinate in 
      10.1371/journal.pone.0066238
     : {'latitude': 40.21667, 'longitude': 17.91667}, 40.21667, 17.91667
Processing /Users/jason/Google Drive/JournalMap/PLOSxml/journal.pone.0066650.xml
Found coordinate in 
      10.1371/journal.pone.0066650
     : {'latitude': 51.61667, 'longitude': 4.01667}, 51.61667, 4.01667
Processing /Users/jason/Google Drive/JournalMap/PLOSxml/journal.pone.0066653.xml
Found coordinate in 
      10.1371/journal.pone.0066653
     : {'latitude': 31.0, 'longitude': 36.0}, 31.0, 36.0
Found coordinate in 
      10.1371/journal.pone.0066653
     : {'latitude': 31.0, 'longitude': 36.0}, 31.0, 36.0
Processing /Users/jason/Google Drive/JournalMap/PLOSxml/journal.pone.0070547.xml
Found coordinate in 
      10.1371/journal.pone.0070547
     : {'latitude': -999, 'longitude': -999}, -999, -999
Found coordinate in 
      10.1371/journal.pone.0070547
     : {'latitude': 22.81667, 'longitude': -22.81472}, 22.81667, -22.81472
Processing /Users/jason/Google Drive/JournalMap/PLOSxml/journal.pone.0071735.xml
Processing /Users/jason/Google Drive/JournalMap/PLOSxml/journal.pone.0072201.xml
Found coordinate in 
      10.1371/journal.pone.0072201
     : {'latitude': 53.56667, 'longitude': 115.61667}, 53.56667, 115.61667
Found coordinate in 
      10.1371/journal.pone.0072201
     : {'latitude': 52.03333, 'longitude': 122.03333}, 52.03333, 122.03333
Found coordinate in 
      10.1371/journal.pone.0072201
     : {'latitude': 50.1, 'longitude': 120.1}, 50.1, 120.1
Found coordinate in 
      10.1371/journal.pone.0072201
     : {'latitude': 48.03333, 'longitude': 128.01667}, 48.03333, 128.01667
Found coordinate in 
      10.1371/journal.pone.0072201
     : {'latitude': 42.06667, 'longitude': 127.08333}, 42.06667, 127.08333
Processing /Users/jason/Google Drive/JournalMap/PLOSxml/journal.pone.0074852.xml
Processing /Users/jason/Google Drive/JournalMap/PLOSxml/journal.pone.0075396.xml
Found coordinate in 
      10.1371/journal.pone.0075396
     : {'latitude': 39.25, 'longitude': -121.28333}, 39.25, -121.28333
Processing /Users/jason/Google Drive/JournalMap/PLOSxml/journal.pone.0075439.xml
Processing /Users/jason/Google Drive/JournalMap/PLOSxml/journal.pone.0079799.xml
Found coordinate in 
      10.1371/journal.pone.0079799
     : {'latitude': 16.80267, 'longitude': -88.08233}, 16.80267, -88.08233
Processing /Users/jason/Google Drive/JournalMap/PLOSxml/journal.pone.0081226.xml
Processing /Users/jason/Google Drive/JournalMap/PLOSxml/journal.pone.0082369.xml
Found coordinate in 
      10.1371/journal.pone.0082369
     : {'latitude': -13.0, 'longitude': -14.83333}, -13.0, -14.83333
Found coordinate in 
      10.1371/journal.pone.0082369
     : {'latitude': 39.0, 'longitude': -39.5}, 39.5, -39.5
Processing /Users/jason/Google Drive/JournalMap/PLOSxml/journal.pone.0082468.xml
Found coordinate in 
      10.1371/journal.pone.0082468
     : {'latitude': 41.38333, 'longitude': -42.6}, 41.38333, -42.6
Found coordinate in 
      10.1371/journal.pone.0082468
     : {'latitude': -999, 'longitude': -999}, -999, -999
Found coordinate in 
      10.1371/journal.pone.0082468
     : {'latitude': 42.4, 'longitude': 128.1}, 42.4, 128.1
Processing /Users/jason/Google Drive/JournalMap/PLOSxml/journal.pone.0082792.xml
Found coordinate in 
      10.1371/journal.pone.0082792
     : {'latitude': -999, 'longitude': -999}, -999, -999
Found coordinate in 
      10.1371/journal.pone.0082792
     : {'latitude': 41.68333, 'longitude': -42.85}, 41.68333, -42.85
Processing /Users/jason/Google Drive/JournalMap/PLOSxml/journal.pone.0083407.xml
Found coordinate in 
      10.1371/journal.pone.0083407
     : {'latitude': 42.4, 'longitude': -85.4}, 42.4, -85.4
Processing /Users/jason/Google Drive/JournalMap/PLOSxml/journal.pone.0084568.xml
Processing /Users/jason/Google Drive/JournalMap/PLOSxml/journal.pone.0085513.xml
Found coordinate in 
      10.1371/journal.pone.0085513
     : {'latitude': 22.56667, 'longitude': 112.83333}, 22.56667, 112.83333
Processing /Users/jason/Google Drive/JournalMap/PLOSxml/journal.pone.0089084.xml
Found coordinate in 
      10.1371/journal.pone.0089084
     : {'latitude': -20.4, 'longitude': 143.9}, -20.4, 143.9
Processing /Users/jason/Google Drive/JournalMap/PLOSxml/journal.pone.0090513.xml
Found coordinate in 
      10.1371/journal.pone.0090513
     : {'latitude': -25.98333, 'longitude': -54.08333}, -25.98333, -54.08333
Found coordinate in 
      10.1371/journal.pone.0090513
     : {'latitude': -26.03333, 'longitude': -53.78333}, -26.03333, -53.78333
Processing /Users/jason/Google Drive/JournalMap/PLOSxml/journal.pone.0092517.xml
Found coordinate in 
      10.1371/journal.pone.0092517
     : {'latitude': 38.48333, 'longitude': -9.01667}, 38.48333, -9.01667
Processing /Users/jason/Google Drive/JournalMap/PLOSxml/journal.pone.0093733.xml
Found coordinate in 
      10.1371/journal.pone.0093733
     : {'latitude': 28.57306, 'longitude': 120.89556}, 28.57306, 120.89556
Processing /Users/jason/Google Drive/JournalMap/PLOSxml/journal.pone.0095081.xml
Found coordinate in 
      10.1371/journal.pone.0095081
     : {'latitude': -999, 'longitude': -999}, -999, -999
Found coordinate in 
      10.1371/journal.pone.0095081
     : {'latitude': 41.69694, 'longitude': -42.42167}, 41.69694, -42.42167
Processing /Users/jason/Google Drive/JournalMap/PLOSxml/journal.pone.0095890.xml
Found coordinate in 
      10.1371/journal.pone.0095890
     : {'latitude': 25.93333, 'longitude': 110.5}, 25.93333, 110.5
Found coordinate in 
      10.1371/journal.pone.0095890
     : {'latitude': -999, 'longitude': -999}, -999, -999
Found coordinate in 
      10.1371/journal.pone.0095890
     : {'latitude': 24.5, 'longitude': -24.8}, 24.5, -24.8
Found coordinate in 
      10.1371/journal.pone.0095890
     : {'latitude': -999, 'longitude': -999}, -999, -999
Found coordinate in 
      10.1371/journal.pone.0095890
     : {'latitude': 23.15583, 'longitude': -23.19167}, 23.15583, -23.19167
Found coordinate in 
      10.1371/journal.pone.0095890
     : {'latitude': -999, 'longitude': -999}, -999, -999
Found coordinate in 
      10.1371/journal.pone.0095890
     : {'latitude': 26.36667, 'longitude': -26.8}, 26.36667, -26.8
Processing /Users/jason/Google Drive/JournalMap/PLOSxml/journal.pone.0095938.xml
Processing /Users/jason/Google Drive/JournalMap/PLOSxml/journal.pone.0097910.xml
Processing /Users/jason/Google Drive/JournalMap/PLOSxml/journal.pone.0098454.xml
Processing /Users/jason/Google Drive/JournalMap/PLOSxml/journal.pone.0098931.xml
Found coordinate in 
      10.1371/journal.pone.0098931
     : {'latitude': 16.06667, 'longitude': -16.35}, 16.06667, -16.35
Found coordinate in 
      10.1371/journal.pone.0098931
     : {'latitude': 90.66667, 'longitude': -91.1}, 90.66667, -91.1
Processing /Users/jason/Google Drive/JournalMap/PLOSxml/journal.pone.0099385.xml
Found coordinate in 
      10.1371/journal.pone.0099385
     : {'latitude': 31.06667, 'longitude': 110.93333}, 31.06667, 110.93333
Processing /Users/jason/Google Drive/JournalMap/PLOSxml/journal.pone.0100646.xml
Processing /Users/jason/Google Drive/JournalMap/PLOSxml/journal.pone.0101928.xml
Found coordinate in 
      10.1371/journal.pone.0101928
     : {'latitude': 50.91667, 'longitude': 11.58333}, 50.91667, 11.58333
Processing /Users/jason/Google Drive/JournalMap/PLOSxml/journal.pone.0102090.xml
Found coordinate in 
      10.1371/journal.pone.0102090
     : {'latitude': 32.9, 'longitude': 35.08333}, 32.9, 35.08333
Found coordinate in 
      10.1371/journal.pone.0102090
     : {'latitude': 32.96667, 'longitude': 35.06667}, 32.96667, 35.06667
Found coordinate in 
      10.1371/journal.pone.0102090
     : {'latitude': 32.9, 'longitude': 35.1}, 32.9, 35.1
Found coordinate in 
      10.1371/journal.pone.0102090
     : {'latitude': 32.9307, 'longitude': 35.07028}, 32.9307, 35.07028
Found coordinate in 
      10.1371/journal.pone.0102090
     : {'latitude': 32.92171, 'longitude': 35.07247}, 32.92171, 35.07247
Found coordinate in 
      10.1371/journal.pone.0102090
     : {'latitude': 32.92109, 'longitude': 35.07529}, 32.92109, 35.07529
Found coordinate in 
      10.1371/journal.pone.0102090
     : {'latitude': 32.93653, 'longitude': 35.0729}, 32.93653, 35.0729
Found coordinate in 
      10.1371/journal.pone.0102090
     : {'latitude': 32.91103, 'longitude': 35.08189}, 32.91103, 35.08189
Found coordinate in 
      10.1371/journal.pone.0102090
     : {'latitude': 32.91197, 'longitude': 35.08323}, 32.91197, 35.08323
Found coordinate in 
      10.1371/journal.pone.0102090
     : {'latitude': 32.90841, 'longitude': 35.08743}, 32.90841, 35.08743
Found coordinate in 
      10.1371/journal.pone.0102090
     : {'latitude': 32.91151, 'longitude': 35.08977}, 32.91151, 35.08977
Found coordinate in 
      10.1371/journal.pone.0102090
     : {'latitude': 32.8927, 'longitude': 35.08723}, 32.8927, 35.08723
Found coordinate in 
      10.1371/journal.pone.0102090
     : {'latitude': 32.87921, 'longitude': 35.08693}, 32.87921, 35.08693
Found coordinate in 
      10.1371/journal.pone.0102090
     : {'latitude': 32.86399, 'longitude': 35.08306}, 32.86399, 35.08306
Found coordinate in 
      10.1371/journal.pone.0102090
     : {'latitude': 32.87873, 'longitude': 35.09069}, 32.87873, 35.09069
Found coordinate in 
      10.1371/journal.pone.0102090
     : {'latitude': 32.95572, 'longitude': 35.09177}, 32.95572, 35.09177
Found coordinate in 
      10.1371/journal.pone.0102090
     : {'latitude': 33.06459, 'longitude': 35.12384}, 33.06459, 35.12384
Found coordinate in 
      10.1371/journal.pone.0102090
     : {'latitude': 33.00572, 'longitude': 35.11253}, 33.00572, 35.11253
Found coordinate in 
      10.1371/journal.pone.0102090
     : {'latitude': 32.99396, 'longitude': 35.11192}, 32.99396, 35.11192
Processing /Users/jason/Google Drive/JournalMap/PLOSxml/journal.pone.0102437.xml
Found coordinate in 
      10.1371/journal.pone.0102437
     : {'latitude': -999, 'longitude': -999}, -999, -999
Found coordinate in 
      10.1371/journal.pone.0102437
     : {'latitude': 30.25, 'longitude': -30.68333}, 30.25, -30.68333
Processing /Users/jason/Google Drive/JournalMap/PLOSxml/journal.pone.0104060.xml
Processing /Users/jason/Google Drive/JournalMap/PLOSxml/journal.pone.0105869.xml
Processing /Users/jason/Google Drive/JournalMap/PLOSxml/journal.pone.0106529.xml
Found coordinate in 
      10.1371/journal.pone.0106529
     : {'latitude': 50.91667, 'longitude': 11.58333}, 50.91667, 11.58333
Processing /Users/jason/Google Drive/JournalMap/PLOSxml/journal.pone.0107126.xml
Processing /Users/jason/Google Drive/JournalMap/PLOSxml/journal.pone.0107775.xml
Found coordinate in 
      10.1371/journal.pone.0107775
     : {'latitude': 40.81333, 'longitude': -104.71333}, 40.81333, -104.71333
Found coordinate in 
      10.1371/journal.pone.0107775
     : {'latitude': 39.75667, 'longitude': -102.44833}, 39.75667, -102.44833
Found coordinate in 
      10.1371/journal.pone.0107775
     : {'latitude': 38.89333, 'longitude': -100.97833}, 38.89333, -100.97833
Found coordinate in 
      10.1371/journal.pone.0107775
     : {'latitude': 38.87333, 'longitude': -99.38833}, 38.87333, -99.38833
Found coordinate in 
      10.1371/journal.pone.0107775
     : {'latitude': 39.08, 'longitude': -96.55}, 39.08, -96.55
Processing /Users/jason/Google Drive/JournalMap/PLOSxml/journal.pone.0107792.xml
Processing /Users/jason/Google Drive/JournalMap/PLOSxml/journal.pone.0111434.xml
Found coordinate in 
      10.1371/journal.pone.0111434
     : {'latitude': 23.43333, 'longitude': 111.88333}, 23.43333, 111.88333
Processing /Users/jason/Google Drive/JournalMap/PLOSxml/journal.pone.0111742.xml
Found coordinate in 
      10.1371/journal.pone.0111742
     : {'latitude': 19.88333, 'longitude': -21.18333}, 19.88333, -21.18333
Found coordinate in 
      10.1371/journal.pone.0111742
     : {'latitude': 90.46667, 'longitude': -90.28333}, 90.46667, -90.28333
Processing /Users/jason/Google Drive/JournalMap/PLOSxml/journal.pone.0111883.xml
Found coordinate in 
      10.1371/journal.pone.0111883
     : {'latitude': -27.725, 'longitude': -48.53833}, -27.725, -48.53833
Found coordinate in 
      10.1371/journal.pone.0111883
     : {'latitude': -27.53111, 'longitude': -48.5125}, -27.53111, -48.5125
Found coordinate in 
      10.1371/journal.pone.0111883
     : {'latitude': -27.41694, 'longitude': -48.57361}, -27.41694, -48.57361
Found coordinate in 
      10.1371/journal.pone.0111883
     : {'latitude': -27.08694, 'longitude': -48.59833}, -27.08694, -48.59833
Processing /Users/jason/Google Drive/JournalMap/PLOSxml/journal.pone.0112436.xml
Found coordinate in 
      10.1371/journal.pone.0112436
     : {'latitude': -999, 'longitude': -999}, -999, -999
Found coordinate in 
      10.1371/journal.pone.0112436
     : {'latitude': 24.73333, 'longitude': -25.55}, 24.73333, -25.55
Processing /Users/jason/Google Drive/JournalMap/PLOSxml/journal.pone.0113964.xml
Processing /Users/jason/Google Drive/JournalMap/PLOSxml/journal.pone.0114015.xml
Found coordinate in 
      10.1371/journal.pone.0114015
     : {'latitude': 8.48056, 'longitude': -83.58889}, 8.48056, -83.58889
Processing /Users/jason/Google Drive/JournalMap/PLOSxml/journal.pone.0115038.xml
Found coordinate in 
      10.1371/journal.pone.0115038
     : {'latitude': 39.96472, 'longitude': 115.43472}, 39.96472, 115.43472
Processing /Users/jason/Google Drive/JournalMap/PLOSxml/journal.pone.0118403.xml
Processing /Users/jason/Google Drive/JournalMap/PLOSxml/journal.pone.0118580.xml
Processing /Users/jason/Google Drive/JournalMap/PLOSxml/journal.pone.0118837.xml
Found coordinate in 
      10.1371/journal.pone.0118837
     : {'latitude': 36.86667, 'longitude': -2.06667}, 36.86667, -2.06667
Processing /Users/jason/Google Drive/JournalMap/PLOSxml/journal.pone.0119922.xml
Processing /Users/jason/Google Drive/JournalMap/PLOSxml/journal.pone.0121444.xml
Processing /Users/jason/Google Drive/JournalMap/PLOSxml/journal.pone.0123030.xml
Found coordinate in 
      10.1371/journal.pone.0123030
     : {'latitude': -27.41694, 'longitude': -48.57361}, -27.41694, -48.57361
Found coordinate in 
      10.1371/journal.pone.0123030
     : {'latitude': -27.08694, 'longitude': -48.59833}, -27.08694, -48.59833
Found coordinate in 
      10.1371/journal.pone.0123030
     : {'latitude': -27.725, 'longitude': -48.53833}, -27.725, -48.53833
Found coordinate in 
      10.1371/journal.pone.0123030
     : {'latitude': -27.53111, 'longitude': -48.5125}, -27.53111, -48.5125
Processing /Users/jason/Google Drive/JournalMap/PLOSxml/journal.pone.0123160.xml
Found coordinate in 
      10.1371/journal.pone.0123160
     : {'latitude': 44.75, 'longitude': 123.75}, 44.75, 123.75
Processing /Users/jason/Google Drive/JournalMap/PLOSxml/journal.pone.0125300.xml
Found coordinate in 
      10.1371/journal.pone.0125300
     : {'latitude': 43.6, 'longitude': 116.7}, 43.6, 116.7
Processing /Users/jason/Google Drive/JournalMap/PLOSxml/journal.pone.0127093.xml
Processing /Users/jason/Google Drive/JournalMap/PLOSxml/journal.pone.0128923.xml
Found coordinate in 
      10.1371/journal.pone.0128923
     : {'latitude': 15.46667, 'longitude': -39.25}, 39.25, -39.25
Processing /Users/jason/Google Drive/JournalMap/PLOSxml/journal.pone.0133276.xml
Processing /Users/jason/Google Drive/JournalMap/PLOSxml/journal.pone.0134560.xml
Found coordinate in 
      10.1371/journal.pone.0134560
     : {'latitude': 33.96667, 'longitude': 101.88333}, 33.96667, 101.88333
Processing /Users/jason/Google Drive/JournalMap/PLOSxml/journal.pone.0134665.xml
Processing /Users/jason/Google Drive/JournalMap/PLOSxml/journal.pone.0135917.xml
Found coordinate in 
      10.1371/journal.pone.0135917
     : {'latitude': 41.29389, 'longitude': -82.2175}, 41.29389, -82.2175
Processing /Users/jason/Google Drive/JournalMap/PLOSxml/journal.pone.0136040.xml
Found coordinate in 
      10.1371/journal.pone.0136040
     : {'latitude': 33.96667, 'longitude': 101.88333}, 33.96667, 101.88333
Processing /Users/jason/Google Drive/JournalMap/PLOSxml/journal.pone.0137569.xml
Found coordinate in 
      10.1371/journal.pone.0137569
     : {'latitude': 39.83333, 'longitude': 43.0}, 39.83333, 43.0
Found coordinate in 
      10.1371/journal.pone.0137569
     : {'latitude': -40.16667, 'longitude': -73.43333}, -40.16667, -73.43333
Found coordinate in 
      10.1371/journal.pone.0137569
     : {'latitude': -41.53333, 'longitude': -72.58333}, -41.53333, -72.58333
Found coordinate in 
      10.1371/journal.pone.0137569
     : {'latitude': -40.63333, 'longitude': -73.6}, -40.63333, -73.6
Processing /Users/jason/Google Drive/JournalMap/PLOSxml/journal.pone.0138696.xml
Processing /Users/jason/Google Drive/JournalMap/PLOSxml/journal.pone.0139031.xml
Processing /Users/jason/Google Drive/JournalMap/PLOSxml/journal.pone.0140423.xml
Found coordinate in 
      10.1371/journal.pone.0140423
     : {'latitude': 1.14917, 'longitude': 112.26028}, 1.14917, 112.26028
Processing /Users/jason/Google Drive/JournalMap/PLOSxml/journal.pone.0141387.xml
Found coordinate in 
      10.1371/journal.pone.0141387
     : {'latitude': -4.58333, 'longitude': -79.7}, -4.58333, -79.7
Found coordinate in 
      10.1371/journal.pone.0141387
     : {'latitude': 9.16667, 'longitude': -79.85}, 9.16667, -79.85
Processing /Users/jason/Google Drive/JournalMap/PLOSxml/journal.pone.0141559.xml
Processing /Users/jason/Google Drive/JournalMap/PLOSxml/journal.pone.0141899.xml
No article text found to parse in /Users/jason/Google Drive/JournalMap/PLOSxml/journal.pone.0141899.xml
Processing /Users/jason/Google Drive/JournalMap/PLOSxml/journal.pone.0142784.xml
Found coordinate in 
      10.1371/journal.pone.0142784
     : {'latitude': -4.44, 'longitude': 35.4}, -4.44, 35.4
Found coordinate in 
      10.1371/journal.pone.0142784
     : {'latitude': -4.7, 'longitude': 35.44}, -4.7, 35.44
Found coordinate in 
      10.1371/journal.pone.0142784
     : {'latitude': 0.0, 'longitude': 60.0}, 0.0, 60.0
Processing /Users/jason/Google Drive/JournalMap/PLOSxml/journal.pone.0145598.xml
Found coordinate in 
      10.1371/journal.pone.0145598
     : {'latitude': -0.88333, 'longitude': -52.6}, -0.88333, -52.6
Processing /Users/jason/Google Drive/JournalMap/PLOSxml/journal.pone.0146228.xml
Found coordinate in 
      10.1371/journal.pone.0146228
     : {'latitude': 45.05, 'longitude': 142.11667}, 45.05, 142.11667
Processing /Users/jason/Google Drive/JournalMap/PLOSxml/journal.pone.0147058.xml
Processing /Users/jason/Google Drive/JournalMap/PLOSxml/journal.pone.0147909.xml
Found coordinate in 
      10.1371/journal.pone.0147909
     : {'latitude': -22.4025, 'longitude': -52.49139}, -22.4025, -52.49139
Processing /Users/jason/Google Drive/JournalMap/PLOSxml/journal.pone.0150111.xml
Found coordinate in 
      10.1371/journal.pone.0150111
     : {'latitude': 48.1, 'longitude': -49.11667}, 48.1, -49.11667
Found coordinate in 
      10.1371/journal.pone.0150111
     : {'latitude': 2.38333, 'longitude': -3.53333}, 2.38333, -3.53333
Processing /Users/jason/Google Drive/JournalMap/PLOSxml/journal.pone.0150520.xml
Found coordinate in 
      10.1371/journal.pone.0150520
     : {'latitude': -12.78917, 'longitude': -71.39111}, -12.78917, -71.39111
Processing /Users/jason/Google Drive/JournalMap/PLOSxml/journal.pone.0152335.xml
Found coordinate in 
      10.1371/journal.pone.0152335
     : {'latitude': -14.683, 'longitude': 145.44}, -14.683, 145.44
Processing /Users/jason/Google Drive/JournalMap/PLOSxml/journal.pone.0152883.xml
Processing /Users/jason/Google Drive/JournalMap/PLOSxml/journal.pone.0154026.xml
Processing /Users/jason/Google Drive/JournalMap/PLOSxml/journal.pone.0154613.xml
Processing /Users/jason/Google Drive/JournalMap/PLOSxml/test/journal.pone.0000908.xml
Found coordinate in 10.1371/journal.pone.0000908: {'latitude': -8.98056, 'longitude': -36.075}, -8.98056, -36.075

Finished processing directory /Users/jason/Google Drive/JournalMap/PLOSxml at 2016-05-26 16:18:33
Processed 122 articles.
Errors encountered in 00 articles had no authors and were skipped.80 articles written to the CSV file articles.
80 articles had parsed coordinates.
157 total locations found.
Created output files:
/Users/jason/Google Drive/JournalMap/PLOSxml/articles_py.csv
/Users/jason/Google Drive/JournalMap/PLOSxml/locations_py.csv
/Users/jason/Google Drive/JournalMap/PLOSxml/jmap_parse_py.log