Starting processing of /Users/jason/Google Drive/JournalMap/PLOSxml on 2016-05-26 15:34:03
Parsing geolocations using Regular Expression GeoParser 2.0 beta, 05/25/2016


Processing /Users/jason/Google Drive/JournalMap/PLOSxml/journal.pone.0000295.xml
Processing /Users/jason/Google Drive/JournalMap/PLOSxml/journal.pone.0000908.xml
Found coordinate in 
      10.1371/journal.pone.0000908
     : 8°58′50″S, 36°04′30″W, -8.98056, -36.07500
Processing /Users/jason/Google Drive/JournalMap/PLOSxml/journal.pone.0009677.xml
Found coordinate in 
      10.1371/journal.pone.0009677
     : 44°39′N, 63°35′W, 44.65000, -63.58333
Processing /Users/jason/Google Drive/JournalMap/PLOSxml/journal.pone.0013382.xml
Found coordinate in 
      10.1371/journal.pone.0013382
     : 50°57′3.09″N, 11°37′23.49″E, 50.95086, 11.62319
Processing /Users/jason/Google Drive/JournalMap/PLOSxml/journal.pone.0013666.xml
Processing /Users/jason/Google Drive/JournalMap/PLOSxml/journal.pone.0016584.xml
Processing /Users/jason/Google Drive/JournalMap/PLOSxml/journal.pone.0017476.xml
Processing /Users/jason/Google Drive/JournalMap/PLOSxml/journal.pone.0018982.xml
Found coordinate in 
      10.1371/journal.pone.0018982
     : 45°40′N, 61°53′W, 45.66667, -61.88333
Processing /Users/jason/Google Drive/JournalMap/PLOSxml/journal.pone.0020078.xml
Found coordinate in 
      10.1371/journal.pone.0020078
     : E 116°42′, N 43°38, 43.63333, 116.70000
Processing /Users/jason/Google Drive/JournalMap/PLOSxml/journal.pone.0021265.xml
Found coordinate in 
      10.1371/journal.pone.0021265
     : 48°N, 65°W, 48.00000, -65.00000
Processing /Users/jason/Google Drive/JournalMap/PLOSxml/journal.pone.0021972.xml
Found coordinate in 
      10.1371/journal.pone.0021972
     : latitude 50° 55′ 48″, longitude 6° 55′ 12, 50.93000, 6.92000
Processing /Users/jason/Google Drive/JournalMap/PLOSxml/journal.pone.0022905.xml
Found coordinate in 
      10.1371/journal.pone.0022905
     : 29°14′ N, 118°07′ E, 29.23333, 118.11667
Processing /Users/jason/Google Drive/JournalMap/PLOSxml/journal.pone.0023312.xml
Found coordinate in 
      10.1371/journal.pone.0023312
     : 20°53′57.1″S, 44°50′11.5″W, -20.89919, -44.83653
Processing /Users/jason/Google Drive/JournalMap/PLOSxml/journal.pone.0024107.xml
Processing /Users/jason/Google Drive/JournalMap/PLOSxml/journal.pone.0026986.xml
Found coordinate in 
      10.1371/journal.pone.0026986
     : 45°11′S, 170°98′E, -45.18333, 170.15222
Found coordinate in 
      10.1371/journal.pone.0026986
     : 42°25′S, 173°42′E, -42.41667, 173.70000
Found coordinate in 
      10.1371/journal.pone.0026986
     : 42°30′S, 173°30′E, -42.50000, 173.50000
Processing /Users/jason/Google Drive/JournalMap/PLOSxml/journal.pone.0027785.xml
Found coordinate in 
      10.1371/journal.pone.0027785
     : 0°27′ N, 34°46, 0.45000, 34.76667
Processing /Users/jason/Google Drive/JournalMap/PLOSxml/journal.pone.0029152.xml
Found coordinate in 
      10.1371/journal.pone.0029152
     : 79°N, 04°E, 79.00000, 4.00000
Found coordinate in 
      10.1371/journal.pone.0029152
     : 78°45′N, 04°52′E, 78.75000, 4.86667
Processing /Users/jason/Google Drive/JournalMap/PLOSxml/journal.pone.0029469.xml
Processing /Users/jason/Google Drive/JournalMap/PLOSxml/journal.pone.0030463.xml
Processing /Users/jason/Google Drive/JournalMap/PLOSxml/journal.pone.0030506.xml
Found coordinate in 
      10.1371/journal.pone.0030506
     : 16°39.49′N, 95°0.66′W, 16.65817, -95.01100
Processing /Users/jason/Google Drive/JournalMap/PLOSxml/journal.pone.0036196.xml
Processing /Users/jason/Google Drive/JournalMap/PLOSxml/journal.pone.0037856.xml
Processing /Users/jason/Google Drive/JournalMap/PLOSxml/journal.pone.0038970.xml
Processing /Users/jason/Google Drive/JournalMap/PLOSxml/journal.pone.0040679.xml
Processing /Users/jason/Google Drive/JournalMap/PLOSxml/journal.pone.0041270.xml
Processing /Users/jason/Google Drive/JournalMap/PLOSxml/journal.pone.0042354.xml
Found coordinate in 
      10.1371/journal.pone.0042354
     : 30°20′N, 101°30, 30.33333, 101.50000
Processing /Users/jason/Google Drive/JournalMap/PLOSxml/journal.pone.0042524.xml
Found coordinate in 
      10.1371/journal.pone.0042524
     : 18°14′53″N, 67°09′21″W, 18.24806, -67.15583
Found coordinate in 
      10.1371/journal.pone.0042524
     : 18°09’59”N, 66°43′40″W, 18.16639, -66.72778
Processing /Users/jason/Google Drive/JournalMap/PLOSxml/journal.pone.0042833.xml
Found coordinate in 
      10.1371/journal.pone.0042833
     : E 116°42′, N 43°38, 43.63333, 116.70000
Processing /Users/jason/Google Drive/JournalMap/PLOSxml/journal.pone.0043626.xml
Processing /Users/jason/Google Drive/JournalMap/PLOSxml/journal.pone.0043943.xml
Processing /Users/jason/Google Drive/JournalMap/PLOSxml/journal.pone.0044925.xml
Found coordinate in 
      10.1371/journal.pone.0044925
     : lat 22°50'S, long 44°42'W, -22.83333, -44.70000
Processing /Users/jason/Google Drive/JournalMap/PLOSxml/journal.pone.0045334.xml
Found coordinate in 
      10.1371/journal.pone.0045334
     : 33°31’S, 25°45’E, -33.51667, 25.75000
Processing /Users/jason/Google Drive/JournalMap/PLOSxml/journal.pone.0047192.xml
Found coordinate in 
      10.1371/journal.pone.0047192
     : 1°30′24′′ S, 120°2′11′′ E, -1.50667, 120.03639
Processing /Users/jason/Google Drive/JournalMap/PLOSxml/journal.pone.0049024.xml
Found coordinate in 
      10.1371/journal.pone.0049024
     : 34°55 ′ N, 102°53 ′ E, 34.91667, 102.88333
Processing /Users/jason/Google Drive/JournalMap/PLOSxml/journal.pone.0049618.xml
Processing /Users/jason/Google Drive/JournalMap/PLOSxml/journal.pone.0049795.xml
Found coordinate in 
      10.1371/journal.pone.0049795
     : 51° 21′ 24′′ N, 3° 42′ 51′′ E, 51.35667, 3.71417
Found coordinate in 
      10.1371/journal.pone.0049795
     : 51° 21′ 24′′ N, 3° 42′ 51′′ E, 51.35667, 3.71417
Processing /Users/jason/Google Drive/JournalMap/PLOSxml/journal.pone.0052071.xml
Found coordinate in 
      10.1371/journal.pone.0052071
     : 112°34′ E, 23°09′ N, 23.15000, 112.56667
Processing /Users/jason/Google Drive/JournalMap/PLOSxml/journal.pone.0052821.xml
Processing /Users/jason/Google Drive/JournalMap/PLOSxml/journal.pone.0053009.xml
Found coordinate in 
      10.1371/journal.pone.0053009
     : 19°39′N, 104°56, 19.65000, 104.93333
Processing /Users/jason/Google Drive/JournalMap/PLOSxml/journal.pone.0053139.xml
Processing /Users/jason/Google Drive/JournalMap/PLOSxml/journal.pone.0058432.xml
Processing /Users/jason/Google Drive/JournalMap/PLOSxml/journal.pone.0059356.xml
Processing /Users/jason/Google Drive/JournalMap/PLOSxml/journal.pone.0060756.xml
Found coordinate in 
      10.1371/journal.pone.0060756
     : 4° 58′N, 117° 48′E, 4.96667, 117.80000
Processing /Users/jason/Google Drive/JournalMap/PLOSxml/journal.pone.0066238.xml
Found coordinate in 
      10.1371/journal.pone.0066238
     : 56°19'59"N 2°46'19"W, 56.33306, -2.77194
Found coordinate in 
      10.1371/journal.pone.0066238
     : 53°31'27"N 6°4'49"W, 53.52417, -6.08028
Found coordinate in 
      10.1371/journal.pone.0066238
     : 54° 11′N, 7° 53′E, 54.18333, 7.88333
Found coordinate in 
      10.1371/journal.pone.0066238
     : 54° 11′N, 7° 53′E, 54.18333, 7.88333
Found coordinate in 
      10.1371/journal.pone.0066238
     : 41°41′ N 8°51′W, 41.68333, -8.85000
Found coordinate in 
      10.1371/journal.pone.0066238
     : 50°20.28′N 4°27.43′W, 50.33800, -4.45717
Found coordinate in 
      10.1371/journal.pone.0066238
     : 48°43.84′N 3°59.27′ W, 48.73067, -3.98783
Found coordinate in 
      10.1371/journal.pone.0066238
     : 43°30′N, 10°20′E, 43.50000, 10.33333
Found coordinate in 
      10.1371/journal.pone.0066238
     : 40°13′N, 17°55′E, 40.21667, 17.91667
Processing /Users/jason/Google Drive/JournalMap/PLOSxml/journal.pone.0066650.xml
Found coordinate in 
      10.1371/journal.pone.0066650
     : 51° 37′ 00′′ N, 4° 01′ 00′′ E, 51.61667, 4.01667
Processing /Users/jason/Google Drive/JournalMap/PLOSxml/journal.pone.0066653.xml
Processing /Users/jason/Google Drive/JournalMap/PLOSxml/journal.pone.0070547.xml
Processing /Users/jason/Google Drive/JournalMap/PLOSxml/journal.pone.0071735.xml
Processing /Users/jason/Google Drive/JournalMap/PLOSxml/journal.pone.0072201.xml
Found coordinate in 
      10.1371/journal.pone.0072201
     : 53°34′N, 115°37, 53.56667, 115.61667
Found coordinate in 
      10.1371/journal.pone.0072201
     : 52°2′ 122°2, 52.03667, 2.03333
Found coordinate in 
      10.1371/journal.pone.0072201
     : 50°6′ 120°6, 50.10333, 0.10000
Found coordinate in 
      10.1371/journal.pone.0072201
     : 48°2′ 128°1, 48.03667, 8.01667
Found coordinate in 
      10.1371/journal.pone.0072201
     : 42°4′ 127°5, 42.07000, 7.08333
Processing /Users/jason/Google Drive/JournalMap/PLOSxml/journal.pone.0074852.xml
Processing /Users/jason/Google Drive/JournalMap/PLOSxml/journal.pone.0075396.xml
Found coordinate in 
      10.1371/journal.pone.0075396
     : 39° 15' N, 121° 17' W, 39.25000, -121.28333
Processing /Users/jason/Google Drive/JournalMap/PLOSxml/journal.pone.0075439.xml
Processing /Users/jason/Google Drive/JournalMap/PLOSxml/journal.pone.0079799.xml
Found coordinate in 
      10.1371/journal.pone.0079799
     : 16° 48.16′ N, 88° 04.94′ W, 16.80267, -88.08233
Processing /Users/jason/Google Drive/JournalMap/PLOSxml/journal.pone.0081226.xml
Processing /Users/jason/Google Drive/JournalMap/PLOSxml/journal.pone.0082369.xml
Found coordinate in 
      10.1371/journal.pone.0082369
     : S 13°00' -14°50' , -13.00000, -14.83333
Found coordinate in 
      10.1371/journal.pone.0082369
     : W 39°00' -39°30, -39.50000, -39.00000
Processing /Users/jason/Google Drive/JournalMap/PLOSxml/journal.pone.0082468.xml
Found coordinate in 
      10.1371/journal.pone.0082468
     : 42°36′N, 126°55, 42.60000, 126.91667
Found coordinate in 
      10.1371/journal.pone.0082468
     : 42°24′N, 128°06′E, 42.40000, 128.10000
Processing /Users/jason/Google Drive/JournalMap/PLOSxml/journal.pone.0082792.xml
Processing /Users/jason/Google Drive/JournalMap/PLOSxml/journal.pone.0083407.xml
Found coordinate in 
      10.1371/journal.pone.0083407
     : 42°24’N, 85°24’W, 42.40000, -85.40000
Processing /Users/jason/Google Drive/JournalMap/PLOSxml/journal.pone.0084568.xml
Processing /Users/jason/Google Drive/JournalMap/PLOSxml/journal.pone.0085513.xml
Found coordinate in 
      10.1371/journal.pone.0085513
     : 112°50′E, 22°34′N, 22.56667, 112.83333
Processing /Users/jason/Google Drive/JournalMap/PLOSxml/journal.pone.0089084.xml
Found coordinate in 
      10.1371/journal.pone.0089084
     : 20°24′S and 143°54′E, -20.40000, 143.90000
Processing /Users/jason/Google Drive/JournalMap/PLOSxml/journal.pone.0090513.xml
Found coordinate in 
      10.1371/journal.pone.0090513
     : 25° 59′ S, 54° 05′ W, -25.98333, -54.08333
Found coordinate in 
      10.1371/journal.pone.0090513
     : 26° 02′ S, 53° 47′ W, -26.03333, -53.78333
Processing /Users/jason/Google Drive/JournalMap/PLOSxml/journal.pone.0092517.xml
Processing /Users/jason/Google Drive/JournalMap/PLOSxml/journal.pone.0093733.xml
Found coordinate in 
      10.1371/journal.pone.0093733
     : 28°34′23″N, 120°53′44″E, 28.57306, 120.89556
Processing /Users/jason/Google Drive/JournalMap/PLOSxml/journal.pone.0095081.xml
Processing /Users/jason/Google Drive/JournalMap/PLOSxml/journal.pone.0095890.xml
Found coordinate in 
      10.1371/journal.pone.0095890
     : 110°30′E, 25°56′N, 25.93333, 110.50000
Processing /Users/jason/Google Drive/JournalMap/PLOSxml/journal.pone.0095938.xml
Processing /Users/jason/Google Drive/JournalMap/PLOSxml/journal.pone.0097910.xml
Processing /Users/jason/Google Drive/JournalMap/PLOSxml/journal.pone.0098454.xml
Processing /Users/jason/Google Drive/JournalMap/PLOSxml/journal.pone.0098931.xml
Found coordinate in 
      10.1371/journal.pone.0098931
     : 16°21′N, 90°40, 16.35000, 90.66667
Processing /Users/jason/Google Drive/JournalMap/PLOSxml/journal.pone.0099385.xml
Found coordinate in 
      10.1371/journal.pone.0099385
     : 110°56′E, 31°4′N, 31.06667, 110.93333
Processing /Users/jason/Google Drive/JournalMap/PLOSxml/journal.pone.0100646.xml
Processing /Users/jason/Google Drive/JournalMap/PLOSxml/journal.pone.0101928.xml
Found coordinate in 
      10.1371/journal.pone.0101928
     : 50°55′ N, 11°35′ E, 50.91667, 11.58333
Processing /Users/jason/Google Drive/JournalMap/PLOSxml/journal.pone.0102090.xml
Found coordinate in 
      10.1371/journal.pone.0102090
     : 32°54′N, 35°05′E, 32.90000, 35.08333
Found coordinate in 
      10.1371/journal.pone.0102090
     : 32°58′N, 35°04′E, 32.96667, 35.06667
Found coordinate in 
      10.1371/journal.pone.0102090
     : 32°54′N, 35°06′E, 32.90000, 35.10000
Found coordinate in 
      10.1371/journal.pone.0102090
     : 32°55′50.51″ 35°04′12.99″ , 32.93070, 35.07028
Found coordinate in 
      10.1371/journal.pone.0102090
     : 32°55′18.15″ 35°04′20.88″ , 32.92171, 35.07247
Found coordinate in 
      10.1371/journal.pone.0102090
     : 32°55′15.92″ 35°04′31.05″ , 32.92109, 35.07529
Found coordinate in 
      10.1371/journal.pone.0102090
     : 32°56′11.52″ 35°04′22.43″ , 32.93653, 35.07290
Found coordinate in 
      10.1371/journal.pone.0102090
     : 32°54′39.70″ 35°04′54.80″ , 32.91103, 35.08189
Found coordinate in 
      10.1371/journal.pone.0102090
     : 32°54′43.08″ 35°04′59.63″ , 32.90718, 35.07660
Found coordinate in 
      10.1371/journal.pone.0102090
     : 32°54′30.28″ 35°05′14.73″ , 32.90841, 35.08742
Found coordinate in 
      10.1371/journal.pone.0102090
     : 32°54′41.44″ 35°05′23.18″ , 32.91151, 35.08977
Found coordinate in 
      10.1371/journal.pone.0102090
     : 32°53′33.73″ 35°05′14.02″ , 32.89270, 35.08723
Found coordinate in 
      10.1371/journal.pone.0102090
     : 32°52′45.17″ 35°05′12.96″ , 32.87921, 35.08693
Found coordinate in 
      10.1371/journal.pone.0102090
     : 32°51′50.38″ 35°04′59.01″ , 32.85840, 35.07650
Found coordinate in 
      10.1371/journal.pone.0102090
     : 32°52′43.44″ 35°05′26.49″ , 32.87873, 35.09069
Found coordinate in 
      10.1371/journal.pone.0102090
     : 32°57′20.58″ 35°05′30.38″ , 32.95572, 35.09177
Found coordinate in 
      10.1371/journal.pone.0102090
     : 33°03′52.51″ 35°07′25.82″ , 33.06459, 35.12384
Found coordinate in 
      10.1371/journal.pone.0102090
     : 33°00′20.61″ 35°06′45.12″ , 33.00572, 35.11253
Found coordinate in 
      10.1371/journal.pone.0102090
     : 32°59′38.26″ 35°06′42.90″ , 32.99396, 35.11192
Processing /Users/jason/Google Drive/JournalMap/PLOSxml/journal.pone.0102437.xml
Processing /Users/jason/Google Drive/JournalMap/PLOSxml/journal.pone.0104060.xml
Processing /Users/jason/Google Drive/JournalMap/PLOSxml/journal.pone.0105869.xml
Processing /Users/jason/Google Drive/JournalMap/PLOSxml/journal.pone.0106529.xml
Found coordinate in 
      10.1371/journal.pone.0106529
     : 50°55′ N, 11°35′ E, 50.91667, 11.58333
Processing /Users/jason/Google Drive/JournalMap/PLOSxml/journal.pone.0107126.xml
Processing /Users/jason/Google Drive/JournalMap/PLOSxml/journal.pone.0107775.xml
Found coordinate in 
      10.1371/journal.pone.0107775
     : Longitude 40°48.8′N, 104°42.8′W, 40.81333, -104.71333
Found coordinate in 
      10.1371/journal.pone.0107775
     : 39°45.4′N, 102°26.9′W, 39.75667, -102.44833
Found coordinate in 
      10.1371/journal.pone.0107775
     : 38°53.6′N, 100°58.7′W, 38.89333, -100.97833
Found coordinate in 
      10.1371/journal.pone.0107775
     : 38°52.4′N, 99°23.3′W, 38.87333, -99.38833
Found coordinate in 
      10.1371/journal.pone.0107775
     : 39°4.8′N, 96°33′W, 39.08000, -96.55000
Processing /Users/jason/Google Drive/JournalMap/PLOSxml/journal.pone.0107792.xml
Processing /Users/jason/Google Drive/JournalMap/PLOSxml/journal.pone.0111434.xml
Found coordinate in 
      10.1371/journal.pone.0111434
     : 111°53′ E, 23°26′ N, 23.43333, 111.88333
Processing /Users/jason/Google Drive/JournalMap/PLOSxml/journal.pone.0111742.xml
Found coordinate in 
      10.1371/journal.pone.0111742
     : 21° 11′ N, 90°28, 21.18333, 90.46667
Processing /Users/jason/Google Drive/JournalMap/PLOSxml/journal.pone.0111883.xml
Found coordinate in 
      10.1371/journal.pone.0111883
     : 27°43′30″S, 48°32′18″W, -27.72500, -48.53833
Found coordinate in 
      10.1371/journal.pone.0111883
     : 27°31′52″S, 48°30′45″W, -27.53111, -48.51250
Found coordinate in 
      10.1371/journal.pone.0111883
     : 27°25′1″S, 48°34′25″W, -27.41694, -48.57361
Found coordinate in 
      10.1371/journal.pone.0111883
     : 27°05′13″S, 48°35′54″W, -27.08694, -48.59833
Processing /Users/jason/Google Drive/JournalMap/PLOSxml/journal.pone.0112436.xml
Processing /Users/jason/Google Drive/JournalMap/PLOSxml/journal.pone.0113964.xml
Processing /Users/jason/Google Drive/JournalMap/PLOSxml/journal.pone.0114015.xml
Found coordinate in 
      10.1371/journal.pone.0114015
     : 8° 28′ 50″N 83° 35′ 20″W, 8.48056, -83.58889
Processing /Users/jason/Google Drive/JournalMap/PLOSxml/journal.pone.0115038.xml
Found coordinate in 
      10.1371/journal.pone.0115038
     : 39°57'53" N and 115°26'05" E, 39.96472, 115.43472
Processing /Users/jason/Google Drive/JournalMap/PLOSxml/journal.pone.0118403.xml
Processing /Users/jason/Google Drive/JournalMap/PLOSxml/journal.pone.0118580.xml
Processing /Users/jason/Google Drive/JournalMap/PLOSxml/journal.pone.0118837.xml
Found coordinate in 
      10.1371/journal.pone.0118837
     : 2°4’W 36°52’N, 36.86667, -2.06667
Processing /Users/jason/Google Drive/JournalMap/PLOSxml/journal.pone.0119922.xml
Processing /Users/jason/Google Drive/JournalMap/PLOSxml/journal.pone.0121444.xml
Processing /Users/jason/Google Drive/JournalMap/PLOSxml/journal.pone.0123030.xml
Found coordinate in 
      10.1371/journal.pone.0123030
     : 27º25’1”S, 48º34’25”W, -27.41694, -48.57361
Found coordinate in 
      10.1371/journal.pone.0123030
     : 27º05’13”S, 48º35’54”W, -27.08694, -48.59833
Found coordinate in 
      10.1371/journal.pone.0123030
     : 27°43’30”S, 48°32’18”W, -27.72500, -48.53833
Found coordinate in 
      10.1371/journal.pone.0123030
     : 27°31’52”S, 48°30’45”W, -27.53111, -48.51250
Processing /Users/jason/Google Drive/JournalMap/PLOSxml/journal.pone.0123160.xml
Found coordinate in 
      10.1371/journal.pone.0123160
     : 44°45′N, 123°45′E, 44.75000, 123.75000
Processing /Users/jason/Google Drive/JournalMap/PLOSxml/journal.pone.0125300.xml
Found coordinate in 
      10.1371/journal.pone.0125300
     : 116°42′E, 43° 36′N, 43.60000, 116.70000
Processing /Users/jason/Google Drive/JournalMap/PLOSxml/journal.pone.0127093.xml
Processing /Users/jason/Google Drive/JournalMap/PLOSxml/journal.pone.0128923.xml
Found coordinate in 
      10.1371/journal.pone.0128923
     : 15° 28’S and 39° 15’W, -15.46667, -39.25000
Processing /Users/jason/Google Drive/JournalMap/PLOSxml/journal.pone.0133276.xml
Processing /Users/jason/Google Drive/JournalMap/PLOSxml/journal.pone.0134560.xml
Found coordinate in 
      10.1371/journal.pone.0134560
     : N 33°58′, E101°53, 33.96667, 101.88333
Processing /Users/jason/Google Drive/JournalMap/PLOSxml/journal.pone.0134665.xml
Processing /Users/jason/Google Drive/JournalMap/PLOSxml/journal.pone.0135917.xml
Found coordinate in 
      10.1371/journal.pone.0135917
     : 41°17'38” N, 82°13'03” W, 41.29389, -82.21750
Processing /Users/jason/Google Drive/JournalMap/PLOSxml/journal.pone.0136040.xml
Found coordinate in 
      10.1371/journal.pone.0136040
     : N 33°58′, E101°53, 33.96667, 101.88333
Processing /Users/jason/Google Drive/JournalMap/PLOSxml/journal.pone.0137569.xml
Found coordinate in 
      10.1371/journal.pone.0137569
     : 40° 38’ S, 73° 36’ W, -40.63333, -73.60000
Processing /Users/jason/Google Drive/JournalMap/PLOSxml/journal.pone.0138696.xml
Processing /Users/jason/Google Drive/JournalMap/PLOSxml/journal.pone.0139031.xml
Processing /Users/jason/Google Drive/JournalMap/PLOSxml/journal.pone.0140423.xml
Found coordinate in 
      10.1371/journal.pone.0140423
     : 1°08'57" N, 112°15'37" E, 1.14917, 112.26028
Processing /Users/jason/Google Drive/JournalMap/PLOSxml/journal.pone.0141387.xml
Found coordinate in 
      10.1371/journal.pone.0141387
     : 4°35ʹS, 79°42ʹW, -4.58333, -79.70000
Found coordinate in 
      10.1371/journal.pone.0141387
     : 9°10′N, 79°51′W, 9.16667, -79.85000
Processing /Users/jason/Google Drive/JournalMap/PLOSxml/journal.pone.0141559.xml
Processing /Users/jason/Google Drive/JournalMap/PLOSxml/journal.pone.0141899.xml
No article text found to parse in /Users/jason/Google Drive/JournalMap/PLOSxml/journal.pone.0141899.xml
Processing /Users/jason/Google Drive/JournalMap/PLOSxml/journal.pone.0142784.xml
Found coordinate in 
      10.1371/journal.pone.0142784
     : 0° and 60° , 0.00000, 60.00000
Processing /Users/jason/Google Drive/JournalMap/PLOSxml/journal.pone.0145598.xml
Found coordinate in 
      10.1371/journal.pone.0145598
     : 0°53S, 52°36W, -0.88333, -52.60000
Processing /Users/jason/Google Drive/JournalMap/PLOSxml/journal.pone.0146228.xml
Found coordinate in 
      10.1371/journal.pone.0146228
     : 45°03’N, 142°07’E, 45.05000, 142.11667
Processing /Users/jason/Google Drive/JournalMap/PLOSxml/journal.pone.0147058.xml
Processing /Users/jason/Google Drive/JournalMap/PLOSxml/journal.pone.0147909.xml
Found coordinate in 
      10.1371/journal.pone.0147909
     : 52°29’29”W, 22°24’09”S, -22.40250, -52.49139
Processing /Users/jason/Google Drive/JournalMap/PLOSxml/journal.pone.0150111.xml
Found coordinate in 
      10.1371/journal.pone.0150111
     : 49°7’ N; 2°23, 49.11667, 2.38333
Processing /Users/jason/Google Drive/JournalMap/PLOSxml/journal.pone.0150520.xml
Found coordinate in 
      10.1371/journal.pone.0150520
     : 71°23’28”W 12°47’21”S, -12.78917, -71.39111
Processing /Users/jason/Google Drive/JournalMap/PLOSxml/journal.pone.0152335.xml
Found coordinate in 
      10.1371/journal.pone.0152335
     : 145.44° E, 14.683° S, -14.68300, 145.44000
Processing /Users/jason/Google Drive/JournalMap/PLOSxml/journal.pone.0152883.xml
Processing /Users/jason/Google Drive/JournalMap/PLOSxml/journal.pone.0154026.xml
Processing /Users/jason/Google Drive/JournalMap/PLOSxml/journal.pone.0154613.xml
Processing /Users/jason/Google Drive/JournalMap/PLOSxml/test/journal.pone.0000908.xml
Found coordinate in 10.1371/journal.pone.0000908: 8°58′50″S, 36°04′30″W, -8.98056, -36.07500

Finished processing directory /Users/jason/Google Drive/JournalMap/PLOSxml at 2016-05-26 15:34:29
Processed 122 articles.
Errors encountered in 00 articles had no authors and were skipped.67 articles written to the CSV file articles.
74 articles had parsed coordinates.
116 total locations found.
Created output files:
/Users/jason/Google Drive/JournalMap/PLOSxml/articles_re.csv
/Users/jason/Google Drive/JournalMap/PLOSxml/locations_re.csv
/Users/jason/Google Drive/JournalMap/PLOSxml/jmap_parse_re.log